<?xml version="1.0" encoding="UTF-8"?>
<testsuite xmlns:xsi="http://www.w3.org/2001/XMLSchema-instance" xsi:noNamespaceSchemaLocation="https://maven.apache.org/surefire/maven-surefire-plugin/xsd/surefire-test-report.xsd" name="com.personal.SecondSpringProject.AppTest" time="0.015" tests="1" errors="0" skipped="0" failures="0">
  <properties>
    <property name="java.specification.version" value="19"/>
    <property name="sun.jnu.encoding" value="UTF-8"/>
    <property name="java.class.path" value="/Users/sartway/Documents/SpringProjects/SecondMacProject/SecondSpringProject/target/test-classes:/Users/sartway/Documents/SpringProjects/SecondMacProject/SecondSpringProject/target/classes:/Users/sartway/.m2/repository/junit/junit/4.11/junit-4.11.jar:/Users/sartway/.m2/repository/org/hamcrest/hamcrest-core/1.3/hamcrest-core-1.3.jar:/Users/sartway/.m2/repository/org/springframework/spring-core/5.3.20/spring-core-5.3.20.jar:/Users/sartway/.m2/repository/org/springframework/spring-jcl/5.3.20/spring-jcl-5.3.20.jar:/Users/sartway/.m2/repository/org/springframework/spring-context/5.3.20/spring-context-5.3.20.jar:/Users/sartway/.m2/repository/org/springframework/spring-aop/5.3.20/spring-aop-5.3.20.jar:/Users/sartway/.m2/repository/org/springframework/spring-expression/5.3.20/spring-expression-5.3.20.jar:/Users/sartway/.m2/repository/org/springframework/spring-beans/5.3.20/spring-beans-5.3.20.jar:"/>
    <property name="java.vm.vendor" value="Homebrew"/>
    <property name="sun.arch.data.model" value="64"/>
    <property name="java.vendor.url" value="https://github.com/Homebrew/homebrew-core/issues"/>
    <property name="maven.wagon.http.ssl.ignore.validity.dates" value="true"/>
    <property name="os.name" value="Mac OS X"/>
    <property name="java.vm.specification.version" value="19"/>
    <property name="maven.wagon.http.ssl.allowall" value="true"/>
    <property name="sun.java.launcher" value="SUN_STANDARD"/>
    <property name="user.country" value="SG"/>
    <property name="sun.boot.library.path" value="/opt/homebrew/Cellar/openjdk/19.0.2/libexec/openjdk.jdk/Contents/Home/lib"/>
    <property name="sun.java.command" value="/Users/sartway/Documents/SpringProjects/SecondMacProject/SecondSpringProject/target/surefire/surefirebooter18193490429005248518.jar /Users/sartway/Documents/SpringProjects/SecondMacProject/SecondSpringProject/target/surefire 2023-05-20T01-45-58_427-jvmRun1 surefire15980005695115434552tmp surefire_0185247624283664847tmp"/>
    <property name="http.nonProxyHosts" value="local|*.local|169.254/16|*.169.254/16"/>
    <property name="jdk.debug" value="release"/>
    <property name="surefire.test.class.path" value="/Users/sartway/Documents/SpringProjects/SecondMacProject/SecondSpringProject/target/test-classes:/Users/sartway/Documents/SpringProjects/SecondMacProject/SecondSpringProject/target/classes:/Users/sartway/.m2/repository/junit/junit/4.11/junit-4.11.jar:/Users/sartway/.m2/repository/org/hamcrest/hamcrest-core/1.3/hamcrest-core-1.3.jar:/Users/sartway/.m2/repository/org/springframework/spring-core/5.3.20/spring-core-5.3.20.jar:/Users/sartway/.m2/repository/org/springframework/spring-jcl/5.3.20/spring-jcl-5.3.20.jar:/Users/sartway/.m2/repository/org/springframework/spring-context/5.3.20/spring-context-5.3.20.jar:/Users/sartway/.m2/repository/org/springframework/spring-aop/5.3.20/spring-aop-5.3.20.jar:/Users/sartway/.m2/repository/org/springframework/spring-expression/5.3.20/spring-expression-5.3.20.jar:/Users/sartway/.m2/repository/org/springframework/spring-beans/5.3.20/spring-beans-5.3.20.jar:"/>
    <property name="sun.cpu.endian" value="little"/>
    <property name="maven.wagon.http.ssl.insecure" value="true"/>
    <property name="user.home" value="/Users/sartway"/>
    <property name="user.language" value="en"/>
    <property name="java.specification.vendor" value="Oracle Corporation"/>
    <property name="java.version.date" value="2023-01-17"/>
    <property name="java.home" value="/opt/homebrew/Cellar/openjdk/19.0.2/libexec/openjdk.jdk/Contents/Home"/>
    <property name="file.separator" value="/"/>
    <property name="basedir" value="/Users/sartway/Documents/SpringProjects/SecondMacProject/SecondSpringProject"/>
    <property name="java.vm.compressedOopsMode" value="Zero based"/>
    <property name="line.separator" value="&#10;"/>
    <property name="java.vm.specification.vendor" value="Oracle Corporation"/>
    <property name="java.specification.name" value="Java Platform API Specification"/>
    <property name="apple.awt.application.name" value="ForkedBooter"/>
    <property name="surefire.real.class.path" value="/Users/sartway/Documents/SpringProjects/SecondMacProject/SecondSpringProject/target/surefire/surefirebooter18193490429005248518.jar"/>
    <property name="sun.management.compiler" value="HotSpot 64-Bit Tiered Compilers"/>
    <property name="ftp.nonProxyHosts" value="local|*.local|169.254/16|*.169.254/16"/>
    <property name="java.runtime.version" value="19.0.2"/>
    <property name="user.name" value="sartway"/>
    <property name="stdout.encoding" value="UTF-8"/>
    <property name="path.separator" value=":"/>
    <property name="os.version" value="13.2"/>
    <property name="java.runtime.name" value="OpenJDK Runtime Environment"/>
    <property name="file.encoding" value="UTF-8"/>
    <property name="java.vm.name" value="OpenJDK 64-Bit Server VM"/>
    <property name="java.vendor.version" value="Homebrew"/>
    <property name="localRepository" value="/Users/sartway/.m2/repository"/>
    <property name="java.vendor.url.bug" value="https://github.com/Homebrew/homebrew-core/issues"/>
    <property name="java.io.tmpdir" value="/var/folders/2_/ngn76cpd7rlbbl_0nzq08hy40000gn/T/"/>
    <property name="java.version" value="19.0.2"/>
    <property name="user.dir" value="/Users/sartway/Documents/SpringProjects/SecondMacProject/SecondSpringProject"/>
    <property name="os.arch" value="aarch64"/>
    <property name="java.vm.specification.name" value="Java Virtual Machine Specification"/>
    <property name="native.encoding" value="UTF-8"/>
    <property name="java.library.path" value="/Users/sartway/Library/Java/Extensions:/Library/Java/Extensions:/Network/Library/Java/Extensions:/System/Library/Java/Extensions:/usr/lib/java:."/>
    <property name="java.vm.info" value="mixed mode, sharing"/>
    <property name="stderr.encoding" value="UTF-8"/>
    <property name="java.vendor" value="Homebrew"/>
    <property name="java.vm.version" value="19.0.2"/>
    <property name="sun.io.unicode.encoding" value="UnicodeBig"/>
    <property name="socksNonProxyHosts" value="local|*.local|169.254/16|*.169.254/16"/>
    <property name="java.class.version" value="63.0"/>
  </properties>
  <testcase name="shouldAnswerWithTrue" classname="com.personal.SecondSpringProject.AppTest" time="0.002"/>
</testsuite>